2019-01-26 20:44:25,053 [main] INFO  c.g.e.m.h.c.ui.Html5AppCoreUIPlugin - Pluging started
2019-01-26 20:44:30,236 [Worker-2] INFO  o.e.m.c.i.i.nexus.NexusIndexManager - Updating index for repository: central|http://repo.maven.apache.org/maven2
2019-01-26 20:44:30,327 [Worker-2] INFO  c.n.h.c.p.n.NettyAsyncHttpProvider - Number of application's worked threads is 8
2019-01-26 20:44:31,335 [Worker-2] ERROR o.e.m.c.i.i.nexus.NexusIndexManager - Unable to update index for central|http://repo.maven.apache.org/maven2: C:\Users\wzk\.m2\repository\.cache\m2e\1.4.0\26522e0d83a422eed93329ece7565cfc\full\_7m.cfs (系统找不到指定的文件。)
java.io.FileNotFoundException: C:\Users\wzk\.m2\repository\.cache\m2e\1.4.0\26522e0d83a422eed93329ece7565cfc\full\_7m.cfs (系统找不到指定的文件。)
	at java.io.RandomAccessFile.open(Native Method) ~[na:1.7.0_45]
	at java.io.RandomAccessFile.<init>(RandomAccessFile.java:241) ~[na:1.7.0_45]
	at org.apache.lucene.store.FSDirectory$FSIndexInput$Descriptor.<init>(FSDirectory.java:552) ~[lucene-core-2.4.1.jar:2.4.1 750176 - 2009-03-04 21:56:52]
	at org.apache.lucene.store.FSDirectory$FSIndexInput.<init>(FSDirectory.java:582) ~[lucene-core-2.4.1.jar:2.4.1 750176 - 2009-03-04 21:56:52]
	at org.apache.lucene.store.FSDirectory.openInput(FSDirectory.java:488) ~[lucene-core-2.4.1.jar:2.4.1 750176 - 2009-03-04 21:56:52]
	at org.apache.lucene.index.CompoundFileReader.<init>(CompoundFileReader.java:70) ~[lucene-core-2.4.1.jar:2.4.1 750176 - 2009-03-04 21:56:52]
	at org.apache.lucene.index.SegmentReader.initialize(SegmentReader.java:321) ~[lucene-core-2.4.1.jar:2.4.1 750176 - 2009-03-04 21:56:52]
	at org.apache.lucene.index.SegmentReader.get(SegmentReader.java:306) ~[lucene-core-2.4.1.jar:2.4.1 750176 - 2009-03-04 21:56:52]
	at org.apache.lucene.index.SegmentReader.get(SegmentReader.java:236) ~[lucene-core-2.4.1.jar:2.4.1 750176 - 2009-03-04 21:56:52]
	at org.apache.lucene.index.DocumentsWriter.applyDeletes(DocumentsWriter.java:915) ~[lucene-core-2.4.1.jar:2.4.1 750176 - 2009-03-04 21:56:52]
	at org.apache.lucene.index.IndexWriter.applyDeletes(IndexWriter.java:4339) ~[lucene-core-2.4.1.jar:2.4.1 750176 - 2009-03-04 21:56:52]
	at org.apache.lucene.index.IndexWriter.doFlush(IndexWriter.java:3579) ~[lucene-core-2.4.1.jar:2.4.1 750176 - 2009-03-04 21:56:52]
	at org.apache.lucene.index.IndexWriter.flush(IndexWriter.java:3450) ~[lucene-core-2.4.1.jar:2.4.1 750176 - 2009-03-04 21:56:52]
	at org.apache.lucene.index.IndexWriter.closeInternal(IndexWriter.java:1638) ~[lucene-core-2.4.1.jar:2.4.1 750176 - 2009-03-04 21:56:52]
	at org.apache.lucene.index.IndexWriter.close(IndexWriter.java:1602) ~[lucene-core-2.4.1.jar:2.4.1 750176 - 2009-03-04 21:56:52]
	at org.apache.lucene.index.IndexWriter.close(IndexWriter.java:1578) ~[lucene-core-2.4.1.jar:2.4.1 750176 - 2009-03-04 21:56:52]
	at org.apache.maven.index.context.NexusIndexWriter.close(NexusIndexWriter.java:58) ~[indexer-core-3.1.0.jar:3.1.0]
	at org.apache.maven.index.context.DefaultIndexingContext.prepareCleanIndex(DefaultIndexingContext.java:235) ~[indexer-core-3.1.0.jar:3.1.0]
	at org.apache.maven.index.context.DefaultIndexingContext.prepareIndex(DefaultIndexingContext.java:205) ~[indexer-core-3.1.0.jar:3.1.0]
	at org.apache.maven.index.context.DefaultIndexingContext.<init>(DefaultIndexingContext.java:173) ~[indexer-core-3.1.0.jar:3.1.0]
	at org.apache.maven.index.DefaultNexusIndexer.addIndexingContextForced(DefaultNexusIndexer.java:160) ~[org.eclipse.m2e.maven.indexer_1.4.0.20130531-2315/:na]
	at org.eclipse.m2e.core.internal.index.nexus.NexusIndexManager.updateRemoteIndex(NexusIndexManager.java:1246) [org.eclipse.m2e.core_1.4.0.me201310171809.jar:na]
	at org.eclipse.m2e.core.internal.index.nexus.NexusIndexManager.updateIndex(NexusIndexManager.java:1192) [org.eclipse.m2e.core_1.4.0.me201310171809.jar:na]
	at org.eclipse.m2e.core.internal.index.nexus.NexusIndexManager$1.run(NexusIndexManager.java:707) [org.eclipse.m2e.core_1.4.0.me201310171809.jar:na]
	at org.eclipse.m2e.core.internal.index.nexus.IndexUpdaterJob.run(IndexUpdaterJob.java:72) [org.eclipse.m2e.core_1.4.0.me201310171809.jar:na]
	at org.eclipse.core.internal.jobs.Worker.run(Worker.java:53) [org.eclipse.core.jobs_3.5.300.v20130429-1813.jar:na]
2019-01-30 11:24:53,700 [main] INFO  c.g.e.m.h.c.ui.Html5AppCoreUIPlugin - Pluging started
2019-01-30 11:25:05,049 [Worker-0] INFO  o.e.m.c.i.i.nexus.NexusIndexManager - Updating index for repository: central|http://repo.maven.apache.org/maven2
2019-01-30 11:25:05,573 [Worker-0] INFO  c.n.h.c.p.n.NettyAsyncHttpProvider - Number of application's worked threads is 8
2019-01-30 11:25:08,241 [Worker-0] ERROR o.e.m.c.i.i.nexus.NexusIndexManager - Unable to update index for central|http://repo.maven.apache.org/maven2: C:\Users\wzk\.m2\repository\.cache\m2e\1.4.0\26522e0d83a422eed93329ece7565cfc\full\_7m.cfs (系统找不到指定的文件。)
java.io.FileNotFoundException: C:\Users\wzk\.m2\repository\.cache\m2e\1.4.0\26522e0d83a422eed93329ece7565cfc\full\_7m.cfs (系统找不到指定的文件。)
	at java.io.RandomAccessFile.open(Native Method) ~[na:1.7.0_45]
	at java.io.RandomAccessFile.<init>(RandomAccessFile.java:241) ~[na:1.7.0_45]
	at org.apache.lucene.store.FSDirectory$FSIndexInput$Descriptor.<init>(FSDirectory.java:552) ~[lucene-core-2.4.1.jar:2.4.1 750176 - 2009-03-04 21:56:52]
	at org.apache.lucene.store.FSDirectory$FSIndexInput.<init>(FSDirectory.java:582) ~[lucene-core-2.4.1.jar:2.4.1 750176 - 2009-03-04 21:56:52]
	at org.apache.lucene.store.FSDirectory.openInput(FSDirectory.java:488) ~[lucene-core-2.4.1.jar:2.4.1 750176 - 2009-03-04 21:56:52]
	at org.apache.lucene.index.CompoundFileReader.<init>(CompoundFileReader.java:70) ~[lucene-core-2.4.1.jar:2.4.1 750176 - 2009-03-04 21:56:52]
	at org.apache.lucene.index.SegmentReader.initialize(SegmentReader.java:321) ~[lucene-core-2.4.1.jar:2.4.1 750176 - 2009-03-04 21:56:52]
	at org.apache.lucene.index.SegmentReader.get(SegmentReader.java:306) ~[lucene-core-2.4.1.jar:2.4.1 750176 - 2009-03-04 21:56:52]
	at org.apache.lucene.index.SegmentReader.get(SegmentReader.java:236) ~[lucene-core-2.4.1.jar:2.4.1 750176 - 2009-03-04 21:56:52]
	at org.apache.lucene.index.DocumentsWriter.applyDeletes(DocumentsWriter.java:915) ~[lucene-core-2.4.1.jar:2.4.1 750176 - 2009-03-04 21:56:52]
	at org.apache.lucene.index.IndexWriter.applyDeletes(IndexWriter.java:4339) ~[lucene-core-2.4.1.jar:2.4.1 750176 - 2009-03-04 21:56:52]
	at org.apache.lucene.index.IndexWriter.doFlush(IndexWriter.java:3579) ~[lucene-core-2.4.1.jar:2.4.1 750176 - 2009-03-04 21:56:52]
	at org.apache.lucene.index.IndexWriter.flush(IndexWriter.java:3450) ~[lucene-core-2.4.1.jar:2.4.1 750176 - 2009-03-04 21:56:52]
	at org.apache.lucene.index.IndexWriter.closeInternal(IndexWriter.java:1638) ~[lucene-core-2.4.1.jar:2.4.1 750176 - 2009-03-04 21:56:52]
	at org.apache.lucene.index.IndexWriter.close(IndexWriter.java:1602) ~[lucene-core-2.4.1.jar:2.4.1 750176 - 2009-03-04 21:56:52]
	at org.apache.lucene.index.IndexWriter.close(IndexWriter.java:1578) ~[lucene-core-2.4.1.jar:2.4.1 750176 - 2009-03-04 21:56:52]
	at org.apache.maven.index.context.NexusIndexWriter.close(NexusIndexWriter.java:58) ~[indexer-core-3.1.0.jar:3.1.0]
	at org.apache.maven.index.context.DefaultIndexingContext.prepareCleanIndex(DefaultIndexingContext.java:235) ~[indexer-core-3.1.0.jar:3.1.0]
	at org.apache.maven.index.context.DefaultIndexingContext.prepareIndex(DefaultIndexingContext.java:205) ~[indexer-core-3.1.0.jar:3.1.0]
	at org.apache.maven.index.context.DefaultIndexingContext.<init>(DefaultIndexingContext.java:173) ~[indexer-core-3.1.0.jar:3.1.0]
	at org.apache.maven.index.DefaultNexusIndexer.addIndexingContextForced(DefaultNexusIndexer.java:160) ~[org.eclipse.m2e.maven.indexer_1.4.0.20130531-2315/:na]
	at org.eclipse.m2e.core.internal.index.nexus.NexusIndexManager.updateRemoteIndex(NexusIndexManager.java:1246) [org.eclipse.m2e.core_1.4.0.me201310171809.jar:na]
	at org.eclipse.m2e.core.internal.index.nexus.NexusIndexManager.updateIndex(NexusIndexManager.java:1192) [org.eclipse.m2e.core_1.4.0.me201310171809.jar:na]
	at org.eclipse.m2e.core.internal.index.nexus.NexusIndexManager$1.run(NexusIndexManager.java:707) [org.eclipse.m2e.core_1.4.0.me201310171809.jar:na]
	at org.eclipse.m2e.core.internal.index.nexus.IndexUpdaterJob.run(IndexUpdaterJob.java:72) [org.eclipse.m2e.core_1.4.0.me201310171809.jar:na]
	at org.eclipse.core.internal.jobs.Worker.run(Worker.java:53) [org.eclipse.core.jobs_3.5.300.v20130429-1813.jar:na]
2019-01-30 12:36:38,642 [main] INFO  c.g.e.m.h.c.ui.Html5AppCoreUIPlugin - Pluging started
2019-01-30 12:36:42,868 [Worker-4] INFO  o.e.m.c.i.i.nexus.NexusIndexManager - Updating index for repository: central|http://repo.maven.apache.org/maven2
2019-01-30 12:36:42,929 [Worker-4] INFO  c.n.h.c.p.n.NettyAsyncHttpProvider - Number of application's worked threads is 8
2019-01-30 12:36:43,640 [Worker-4] ERROR o.e.m.c.i.i.nexus.NexusIndexManager - Unable to update index for central|http://repo.maven.apache.org/maven2: C:\Users\wzk\.m2\repository\.cache\m2e\1.4.0\26522e0d83a422eed93329ece7565cfc\full\_7m.cfs (系统找不到指定的文件。)
java.io.FileNotFoundException: C:\Users\wzk\.m2\repository\.cache\m2e\1.4.0\26522e0d83a422eed93329ece7565cfc\full\_7m.cfs (系统找不到指定的文件。)
	at java.io.RandomAccessFile.open(Native Method) ~[na:1.7.0_45]
	at java.io.RandomAccessFile.<init>(RandomAccessFile.java:241) ~[na:1.7.0_45]
	at org.apache.lucene.store.FSDirectory$FSIndexInput$Descriptor.<init>(FSDirectory.java:552) ~[lucene-core-2.4.1.jar:2.4.1 750176 - 2009-03-04 21:56:52]
	at org.apache.lucene.store.FSDirectory$FSIndexInput.<init>(FSDirectory.java:582) ~[lucene-core-2.4.1.jar:2.4.1 750176 - 2009-03-04 21:56:52]
	at org.apache.lucene.store.FSDirectory.openInput(FSDirectory.java:488) ~[lucene-core-2.4.1.jar:2.4.1 750176 - 2009-03-04 21:56:52]
	at org.apache.lucene.index.CompoundFileReader.<init>(CompoundFileReader.java:70) ~[lucene-core-2.4.1.jar:2.4.1 750176 - 2009-03-04 21:56:52]
	at org.apache.lucene.index.SegmentReader.initialize(SegmentReader.java:321) ~[lucene-core-2.4.1.jar:2.4.1 750176 - 2009-03-04 21:56:52]
	at org.apache.lucene.index.SegmentReader.get(SegmentReader.java:306) ~[lucene-core-2.4.1.jar:2.4.1 750176 - 2009-03-04 21:56:52]
	at org.apache.lucene.index.SegmentReader.get(SegmentReader.java:236) ~[lucene-core-2.4.1.jar:2.4.1 750176 - 2009-03-04 21:56:52]
	at org.apache.lucene.index.DocumentsWriter.applyDeletes(DocumentsWriter.java:915) ~[lucene-core-2.4.1.jar:2.4.1 750176 - 2009-03-04 21:56:52]
	at org.apache.lucene.index.IndexWriter.applyDeletes(IndexWriter.java:4339) ~[lucene-core-2.4.1.jar:2.4.1 750176 - 2009-03-04 21:56:52]
	at org.apache.lucene.index.IndexWriter.doFlush(IndexWriter.java:3579) ~[lucene-core-2.4.1.jar:2.4.1 750176 - 2009-03-04 21:56:52]
	at org.apache.lucene.index.IndexWriter.flush(IndexWriter.java:3450) ~[lucene-core-2.4.1.jar:2.4.1 750176 - 2009-03-04 21:56:52]
	at org.apache.lucene.index.IndexWriter.closeInternal(IndexWriter.java:1638) ~[lucene-core-2.4.1.jar:2.4.1 750176 - 2009-03-04 21:56:52]
	at org.apache.lucene.index.IndexWriter.close(IndexWriter.java:1602) ~[lucene-core-2.4.1.jar:2.4.1 750176 - 2009-03-04 21:56:52]
	at org.apache.lucene.index.IndexWriter.close(IndexWriter.java:1578) ~[lucene-core-2.4.1.jar:2.4.1 750176 - 2009-03-04 21:56:52]
	at org.apache.maven.index.context.NexusIndexWriter.close(NexusIndexWriter.java:58) ~[indexer-core-3.1.0.jar:3.1.0]
	at org.apache.maven.index.context.DefaultIndexingContext.prepareCleanIndex(DefaultIndexingContext.java:235) ~[indexer-core-3.1.0.jar:3.1.0]
	at org.apache.maven.index.context.DefaultIndexingContext.prepareIndex(DefaultIndexingContext.java:205) ~[indexer-core-3.1.0.jar:3.1.0]
	at org.apache.maven.index.context.DefaultIndexingContext.<init>(DefaultIndexingContext.java:173) ~[indexer-core-3.1.0.jar:3.1.0]
	at org.apache.maven.index.DefaultNexusIndexer.addIndexingContextForced(DefaultNexusIndexer.java:160) ~[org.eclipse.m2e.maven.indexer_1.4.0.20130531-2315/:na]
	at org.eclipse.m2e.core.internal.index.nexus.NexusIndexManager.updateRemoteIndex(NexusIndexManager.java:1246) [org.eclipse.m2e.core_1.4.0.me201310171809.jar:na]
	at org.eclipse.m2e.core.internal.index.nexus.NexusIndexManager.updateIndex(NexusIndexManager.java:1192) [org.eclipse.m2e.core_1.4.0.me201310171809.jar:na]
	at org.eclipse.m2e.core.internal.index.nexus.NexusIndexManager$1.run(NexusIndexManager.java:707) [org.eclipse.m2e.core_1.4.0.me201310171809.jar:na]
	at org.eclipse.m2e.core.internal.index.nexus.IndexUpdaterJob.run(IndexUpdaterJob.java:72) [org.eclipse.m2e.core_1.4.0.me201310171809.jar:na]
	at org.eclipse.core.internal.jobs.Worker.run(Worker.java:53) [org.eclipse.core.jobs_3.5.300.v20130429-1813.jar:na]
2019-01-31 21:30:35,927 [main] INFO  c.g.e.m.h.c.ui.Html5AppCoreUIPlugin - Pluging started
2019-01-31 21:30:46,695 [Worker-1] INFO  o.e.m.c.i.i.nexus.NexusIndexManager - Updating index for repository: central|http://repo.maven.apache.org/maven2
2019-01-31 21:30:47,220 [Worker-1] INFO  c.n.h.c.p.n.NettyAsyncHttpProvider - Number of application's worked threads is 8
2019-01-31 21:30:48,289 [Worker-1] ERROR o.e.m.c.i.i.nexus.NexusIndexManager - Unable to update index for central|http://repo.maven.apache.org/maven2: C:\Users\wzk\.m2\repository\.cache\m2e\1.4.0\26522e0d83a422eed93329ece7565cfc\full\_7m.cfs (系统找不到指定的文件。)
java.io.FileNotFoundException: C:\Users\wzk\.m2\repository\.cache\m2e\1.4.0\26522e0d83a422eed93329ece7565cfc\full\_7m.cfs (系统找不到指定的文件。)
	at java.io.RandomAccessFile.open(Native Method) ~[na:1.7.0_45]
	at java.io.RandomAccessFile.<init>(RandomAccessFile.java:241) ~[na:1.7.0_45]
	at org.apache.lucene.store.FSDirectory$FSIndexInput$Descriptor.<init>(FSDirectory.java:552) ~[lucene-core-2.4.1.jar:2.4.1 750176 - 2009-03-04 21:56:52]
	at org.apache.lucene.store.FSDirectory$FSIndexInput.<init>(FSDirectory.java:582) ~[lucene-core-2.4.1.jar:2.4.1 750176 - 2009-03-04 21:56:52]
	at org.apache.lucene.store.FSDirectory.openInput(FSDirectory.java:488) ~[lucene-core-2.4.1.jar:2.4.1 750176 - 2009-03-04 21:56:52]
	at org.apache.lucene.index.CompoundFileReader.<init>(CompoundFileReader.java:70) ~[lucene-core-2.4.1.jar:2.4.1 750176 - 2009-03-04 21:56:52]
	at org.apache.lucene.index.SegmentReader.initialize(SegmentReader.java:321) ~[lucene-core-2.4.1.jar:2.4.1 750176 - 2009-03-04 21:56:52]
	at org.apache.lucene.index.SegmentReader.get(SegmentReader.java:306) ~[lucene-core-2.4.1.jar:2.4.1 750176 - 2009-03-04 21:56:52]
	at org.apache.lucene.index.SegmentReader.get(SegmentReader.java:236) ~[lucene-core-2.4.1.jar:2.4.1 750176 - 2009-03-04 21:56:52]
	at org.apache.lucene.index.DocumentsWriter.applyDeletes(DocumentsWriter.java:915) ~[lucene-core-2.4.1.jar:2.4.1 750176 - 2009-03-04 21:56:52]
	at org.apache.lucene.index.IndexWriter.applyDeletes(IndexWriter.java:4339) ~[lucene-core-2.4.1.jar:2.4.1 750176 - 2009-03-04 21:56:52]
	at org.apache.lucene.index.IndexWriter.doFlush(IndexWriter.java:3579) ~[lucene-core-2.4.1.jar:2.4.1 750176 - 2009-03-04 21:56:52]
	at org.apache.lucene.index.IndexWriter.flush(IndexWriter.java:3450) ~[lucene-core-2.4.1.jar:2.4.1 750176 - 2009-03-04 21:56:52]
	at org.apache.lucene.index.IndexWriter.closeInternal(IndexWriter.java:1638) ~[lucene-core-2.4.1.jar:2.4.1 750176 - 2009-03-04 21:56:52]
	at org.apache.lucene.index.IndexWriter.close(IndexWriter.java:1602) ~[lucene-core-2.4.1.jar:2.4.1 750176 - 2009-03-04 21:56:52]
	at org.apache.lucene.index.IndexWriter.close(IndexWriter.java:1578) ~[lucene-core-2.4.1.jar:2.4.1 750176 - 2009-03-04 21:56:52]
	at org.apache.maven.index.context.NexusIndexWriter.close(NexusIndexWriter.java:58) ~[indexer-core-3.1.0.jar:3.1.0]
	at org.apache.maven.index.context.DefaultIndexingContext.prepareCleanIndex(DefaultIndexingContext.java:235) ~[indexer-core-3.1.0.jar:3.1.0]
	at org.apache.maven.index.context.DefaultIndexingContext.prepareIndex(DefaultIndexingContext.java:205) ~[indexer-core-3.1.0.jar:3.1.0]
	at org.apache.maven.index.context.DefaultIndexingContext.<init>(DefaultIndexingContext.java:173) ~[indexer-core-3.1.0.jar:3.1.0]
	at org.apache.maven.index.DefaultNexusIndexer.addIndexingContextForced(DefaultNexusIndexer.java:160) ~[org.eclipse.m2e.maven.indexer_1.4.0.20130531-2315/:na]
	at org.eclipse.m2e.core.internal.index.nexus.NexusIndexManager.updateRemoteIndex(NexusIndexManager.java:1246) [org.eclipse.m2e.core_1.4.0.me201310171809.jar:na]
	at org.eclipse.m2e.core.internal.index.nexus.NexusIndexManager.updateIndex(NexusIndexManager.java:1192) [org.eclipse.m2e.core_1.4.0.me201310171809.jar:na]
	at org.eclipse.m2e.core.internal.index.nexus.NexusIndexManager$1.run(NexusIndexManager.java:707) [org.eclipse.m2e.core_1.4.0.me201310171809.jar:na]
	at org.eclipse.m2e.core.internal.index.nexus.IndexUpdaterJob.run(IndexUpdaterJob.java:72) [org.eclipse.m2e.core_1.4.0.me201310171809.jar:na]
	at org.eclipse.core.internal.jobs.Worker.run(Worker.java:53) [org.eclipse.core.jobs_3.5.300.v20130429-1813.jar:na]
2019-02-04 13:22:23,592 [main] INFO  c.g.e.m.h.c.ui.Html5AppCoreUIPlugin - Pluging started
2019-02-04 13:22:34,557 [Worker-2] INFO  o.e.m.c.i.i.nexus.NexusIndexManager - Updating index for repository: central|http://repo.maven.apache.org/maven2
2019-02-04 13:22:34,961 [Worker-2] INFO  c.n.h.c.p.n.NettyAsyncHttpProvider - Number of application's worked threads is 8
2019-02-04 13:22:39,406 [Worker-2] ERROR o.e.m.c.i.i.nexus.NexusIndexManager - Unable to update index for central|http://repo.maven.apache.org/maven2: C:\Users\wzk\.m2\repository\.cache\m2e\1.4.0\26522e0d83a422eed93329ece7565cfc\full\_7m.cfs (系统找不到指定的文件。)
java.io.FileNotFoundException: C:\Users\wzk\.m2\repository\.cache\m2e\1.4.0\26522e0d83a422eed93329ece7565cfc\full\_7m.cfs (系统找不到指定的文件。)
	at java.io.RandomAccessFile.open(Native Method) ~[na:1.7.0_45]
	at java.io.RandomAccessFile.<init>(RandomAccessFile.java:241) ~[na:1.7.0_45]
	at org.apache.lucene.store.FSDirectory$FSIndexInput$Descriptor.<init>(FSDirectory.java:552) ~[lucene-core-2.4.1.jar:2.4.1 750176 - 2009-03-04 21:56:52]
	at org.apache.lucene.store.FSDirectory$FSIndexInput.<init>(FSDirectory.java:582) ~[lucene-core-2.4.1.jar:2.4.1 750176 - 2009-03-04 21:56:52]
	at org.apache.lucene.store.FSDirectory.openInput(FSDirectory.java:488) ~[lucene-core-2.4.1.jar:2.4.1 750176 - 2009-03-04 21:56:52]
	at org.apache.lucene.index.CompoundFileReader.<init>(CompoundFileReader.java:70) ~[lucene-core-2.4.1.jar:2.4.1 750176 - 2009-03-04 21:56:52]
	at org.apache.lucene.index.SegmentReader.initialize(SegmentReader.java:321) ~[lucene-core-2.4.1.jar:2.4.1 750176 - 2009-03-04 21:56:52]
	at org.apache.lucene.index.SegmentReader.get(SegmentReader.java:306) ~[lucene-core-2.4.1.jar:2.4.1 750176 - 2009-03-04 21:56:52]
	at org.apache.lucene.index.SegmentReader.get(SegmentReader.java:236) ~[lucene-core-2.4.1.jar:2.4.1 750176 - 2009-03-04 21:56:52]
	at org.apache.lucene.index.DocumentsWriter.applyDeletes(DocumentsWriter.java:915) ~[lucene-core-2.4.1.jar:2.4.1 750176 - 2009-03-04 21:56:52]
	at org.apache.lucene.index.IndexWriter.applyDeletes(IndexWriter.java:4339) ~[lucene-core-2.4.1.jar:2.4.1 750176 - 2009-03-04 21:56:52]
	at org.apache.lucene.index.IndexWriter.doFlush(IndexWriter.java:3579) ~[lucene-core-2.4.1.jar:2.4.1 750176 - 2009-03-04 21:56:52]
	at org.apache.lucene.index.IndexWriter.flush(IndexWriter.java:3450) ~[lucene-core-2.4.1.jar:2.4.1 750176 - 2009-03-04 21:56:52]
	at org.apache.lucene.index.IndexWriter.closeInternal(IndexWriter.java:1638) ~[lucene-core-2.4.1.jar:2.4.1 750176 - 2009-03-04 21:56:52]
	at org.apache.lucene.index.IndexWriter.close(IndexWriter.java:1602) ~[lucene-core-2.4.1.jar:2.4.1 750176 - 2009-03-04 21:56:52]
	at org.apache.lucene.index.IndexWriter.close(IndexWriter.java:1578) ~[lucene-core-2.4.1.jar:2.4.1 750176 - 2009-03-04 21:56:52]
	at org.apache.maven.index.context.NexusIndexWriter.close(NexusIndexWriter.java:58) ~[indexer-core-3.1.0.jar:3.1.0]
	at org.apache.maven.index.context.DefaultIndexingContext.prepareCleanIndex(DefaultIndexingContext.java:235) ~[indexer-core-3.1.0.jar:3.1.0]
	at org.apache.maven.index.context.DefaultIndexingContext.prepareIndex(DefaultIndexingContext.java:205) ~[indexer-core-3.1.0.jar:3.1.0]
	at org.apache.maven.index.context.DefaultIndexingContext.<init>(DefaultIndexingContext.java:173) ~[indexer-core-3.1.0.jar:3.1.0]
	at org.apache.maven.index.DefaultNexusIndexer.addIndexingContextForced(DefaultNexusIndexer.java:160) ~[org.eclipse.m2e.maven.indexer_1.4.0.20130531-2315/:na]
	at org.eclipse.m2e.core.internal.index.nexus.NexusIndexManager.updateRemoteIndex(NexusIndexManager.java:1246) [org.eclipse.m2e.core_1.4.0.me201310171809.jar:na]
	at org.eclipse.m2e.core.internal.index.nexus.NexusIndexManager.updateIndex(NexusIndexManager.java:1192) [org.eclipse.m2e.core_1.4.0.me201310171809.jar:na]
	at org.eclipse.m2e.core.internal.index.nexus.NexusIndexManager$1.run(NexusIndexManager.java:707) [org.eclipse.m2e.core_1.4.0.me201310171809.jar:na]
	at org.eclipse.m2e.core.internal.index.nexus.IndexUpdaterJob.run(IndexUpdaterJob.java:72) [org.eclipse.m2e.core_1.4.0.me201310171809.jar:na]
	at org.eclipse.core.internal.jobs.Worker.run(Worker.java:53) [org.eclipse.core.jobs_3.5.300.v20130429-1813.jar:na]
2019-02-11 11:35:05,950 [main] INFO  c.g.e.m.h.c.ui.Html5AppCoreUIPlugin - Pluging started
2019-02-11 11:35:19,970 [Worker-2] INFO  o.e.m.c.i.i.nexus.NexusIndexManager - Updating index for repository: central|http://repo.maven.apache.org/maven2
2019-02-11 11:35:20,703 [Worker-2] INFO  c.n.h.c.p.n.NettyAsyncHttpProvider - Number of application's worked threads is 8
2019-02-11 11:35:23,284 [Worker-2] ERROR o.e.m.c.i.i.nexus.NexusIndexManager - Unable to update index for central|http://repo.maven.apache.org/maven2: C:\Users\wzk\.m2\repository\.cache\m2e\1.4.0\26522e0d83a422eed93329ece7565cfc\full\_7m.cfs (系统找不到指定的文件。)
java.io.FileNotFoundException: C:\Users\wzk\.m2\repository\.cache\m2e\1.4.0\26522e0d83a422eed93329ece7565cfc\full\_7m.cfs (系统找不到指定的文件。)
	at java.io.RandomAccessFile.open(Native Method) ~[na:1.7.0_45]
	at java.io.RandomAccessFile.<init>(RandomAccessFile.java:241) ~[na:1.7.0_45]
	at org.apache.lucene.store.FSDirectory$FSIndexInput$Descriptor.<init>(FSDirectory.java:552) ~[lucene-core-2.4.1.jar:2.4.1 750176 - 2009-03-04 21:56:52]
	at org.apache.lucene.store.FSDirectory$FSIndexInput.<init>(FSDirectory.java:582) ~[lucene-core-2.4.1.jar:2.4.1 750176 - 2009-03-04 21:56:52]
	at org.apache.lucene.store.FSDirectory.openInput(FSDirectory.java:488) ~[lucene-core-2.4.1.jar:2.4.1 750176 - 2009-03-04 21:56:52]
	at org.apache.lucene.index.CompoundFileReader.<init>(CompoundFileReader.java:70) ~[lucene-core-2.4.1.jar:2.4.1 750176 - 2009-03-04 21:56:52]
	at org.apache.lucene.index.SegmentReader.initialize(SegmentReader.java:321) ~[lucene-core-2.4.1.jar:2.4.1 750176 - 2009-03-04 21:56:52]
	at org.apache.lucene.index.SegmentReader.get(SegmentReader.java:306) ~[lucene-core-2.4.1.jar:2.4.1 750176 - 2009-03-04 21:56:52]
	at org.apache.lucene.index.SegmentReader.get(SegmentReader.java:236) ~[lucene-core-2.4.1.jar:2.4.1 750176 - 2009-03-04 21:56:52]
	at org.apache.lucene.index.DocumentsWriter.applyDeletes(DocumentsWriter.java:915) ~[lucene-core-2.4.1.jar:2.4.1 750176 - 2009-03-04 21:56:52]
	at org.apache.lucene.index.IndexWriter.applyDeletes(IndexWriter.java:4339) ~[lucene-core-2.4.1.jar:2.4.1 750176 - 2009-03-04 21:56:52]
	at org.apache.lucene.index.IndexWriter.doFlush(IndexWriter.java:3579) ~[lucene-core-2.4.1.jar:2.4.1 750176 - 2009-03-04 21:56:52]
	at org.apache.lucene.index.IndexWriter.flush(IndexWriter.java:3450) ~[lucene-core-2.4.1.jar:2.4.1 750176 - 2009-03-04 21:56:52]
	at org.apache.lucene.index.IndexWriter.closeInternal(IndexWriter.java:1638) ~[lucene-core-2.4.1.jar:2.4.1 750176 - 2009-03-04 21:56:52]
	at org.apache.lucene.index.IndexWriter.close(IndexWriter.java:1602) ~[lucene-core-2.4.1.jar:2.4.1 750176 - 2009-03-04 21:56:52]
	at org.apache.lucene.index.IndexWriter.close(IndexWriter.java:1578) ~[lucene-core-2.4.1.jar:2.4.1 750176 - 2009-03-04 21:56:52]
	at org.apache.maven.index.context.NexusIndexWriter.close(NexusIndexWriter.java:58) ~[indexer-core-3.1.0.jar:3.1.0]
	at org.apache.maven.index.context.DefaultIndexingContext.prepareCleanIndex(DefaultIndexingContext.java:235) ~[indexer-core-3.1.0.jar:3.1.0]
	at org.apache.maven.index.context.DefaultIndexingContext.prepareIndex(DefaultIndexingContext.java:205) ~[indexer-core-3.1.0.jar:3.1.0]
	at org.apache.maven.index.context.DefaultIndexingContext.<init>(DefaultIndexingContext.java:173) ~[indexer-core-3.1.0.jar:3.1.0]
	at org.apache.maven.index.DefaultNexusIndexer.addIndexingContextForced(DefaultNexusIndexer.java:160) ~[org.eclipse.m2e.maven.indexer_1.4.0.20130531-2315/:na]
	at org.eclipse.m2e.core.internal.index.nexus.NexusIndexManager.updateRemoteIndex(NexusIndexManager.java:1246) [org.eclipse.m2e.core_1.4.0.me201310171809.jar:na]
	at org.eclipse.m2e.core.internal.index.nexus.NexusIndexManager.updateIndex(NexusIndexManager.java:1192) [org.eclipse.m2e.core_1.4.0.me201310171809.jar:na]
	at org.eclipse.m2e.core.internal.index.nexus.NexusIndexManager$1.run(NexusIndexManager.java:707) [org.eclipse.m2e.core_1.4.0.me201310171809.jar:na]
	at org.eclipse.m2e.core.internal.index.nexus.IndexUpdaterJob.run(IndexUpdaterJob.java:72) [org.eclipse.m2e.core_1.4.0.me201310171809.jar:na]
	at org.eclipse.core.internal.jobs.Worker.run(Worker.java:53) [org.eclipse.core.jobs_3.5.300.v20130429-1813.jar:na]
2019-02-19 15:29:45,159 [main] INFO  c.g.e.m.h.c.ui.Html5AppCoreUIPlugin - Pluging started
2019-02-19 15:29:56,187 [Worker-2] INFO  o.e.m.c.i.i.nexus.NexusIndexManager - Updating index for repository: central|http://repo.maven.apache.org/maven2
2019-02-19 15:29:56,834 [Worker-2] INFO  c.n.h.c.p.n.NettyAsyncHttpProvider - Number of application's worked threads is 8
2019-02-19 15:30:57,982 [Worker-2] ERROR o.e.m.c.i.i.nexus.NexusIndexManager - Unable to update index for central|http://repo.maven.apache.org/maven2: C:\Users\wzk\.m2\repository\.cache\m2e\1.4.0\26522e0d83a422eed93329ece7565cfc\full\_7m.cfs (系统找不到指定的文件。)
java.io.FileNotFoundException: C:\Users\wzk\.m2\repository\.cache\m2e\1.4.0\26522e0d83a422eed93329ece7565cfc\full\_7m.cfs (系统找不到指定的文件。)
	at java.io.RandomAccessFile.open(Native Method) ~[na:1.7.0_45]
	at java.io.RandomAccessFile.<init>(RandomAccessFile.java:241) ~[na:1.7.0_45]
	at org.apache.lucene.store.FSDirectory$FSIndexInput$Descriptor.<init>(FSDirectory.java:552) ~[lucene-core-2.4.1.jar:2.4.1 750176 - 2009-03-04 21:56:52]
	at org.apache.lucene.store.FSDirectory$FSIndexInput.<init>(FSDirectory.java:582) ~[lucene-core-2.4.1.jar:2.4.1 750176 - 2009-03-04 21:56:52]
	at org.apache.lucene.store.FSDirectory.openInput(FSDirectory.java:488) ~[lucene-core-2.4.1.jar:2.4.1 750176 - 2009-03-04 21:56:52]
	at org.apache.lucene.index.CompoundFileReader.<init>(CompoundFileReader.java:70) ~[lucene-core-2.4.1.jar:2.4.1 750176 - 2009-03-04 21:56:52]
	at org.apache.lucene.index.SegmentReader.initialize(SegmentReader.java:321) ~[lucene-core-2.4.1.jar:2.4.1 750176 - 2009-03-04 21:56:52]
	at org.apache.lucene.index.SegmentReader.get(SegmentReader.java:306) ~[lucene-core-2.4.1.jar:2.4.1 750176 - 2009-03-04 21:56:52]
	at org.apache.lucene.index.SegmentReader.get(SegmentReader.java:236) ~[lucene-core-2.4.1.jar:2.4.1 750176 - 2009-03-04 21:56:52]
	at org.apache.lucene.index.DocumentsWriter.applyDeletes(DocumentsWriter.java:915) ~[lucene-core-2.4.1.jar:2.4.1 750176 - 2009-03-04 21:56:52]
	at org.apache.lucene.index.IndexWriter.applyDeletes(IndexWriter.java:4339) ~[lucene-core-2.4.1.jar:2.4.1 750176 - 2009-03-04 21:56:52]
	at org.apache.lucene.index.IndexWriter.doFlush(IndexWriter.java:3579) ~[lucene-core-2.4.1.jar:2.4.1 750176 - 2009-03-04 21:56:52]
	at org.apache.lucene.index.IndexWriter.flush(IndexWriter.java:3450) ~[lucene-core-2.4.1.jar:2.4.1 750176 - 2009-03-04 21:56:52]
	at org.apache.lucene.index.IndexWriter.closeInternal(IndexWriter.java:1638) ~[lucene-core-2.4.1.jar:2.4.1 750176 - 2009-03-04 21:56:52]
	at org.apache.lucene.index.IndexWriter.close(IndexWriter.java:1602) ~[lucene-core-2.4.1.jar:2.4.1 750176 - 2009-03-04 21:56:52]
	at org.apache.lucene.index.IndexWriter.close(IndexWriter.java:1578) ~[lucene-core-2.4.1.jar:2.4.1 750176 - 2009-03-04 21:56:52]
	at org.apache.maven.index.context.NexusIndexWriter.close(NexusIndexWriter.java:58) ~[indexer-core-3.1.0.jar:3.1.0]
	at org.apache.maven.index.context.DefaultIndexingContext.prepareCleanIndex(DefaultIndexingContext.java:235) ~[indexer-core-3.1.0.jar:3.1.0]
	at org.apache.maven.index.context.DefaultIndexingContext.prepareIndex(DefaultIndexingContext.java:205) ~[indexer-core-3.1.0.jar:3.1.0]
	at org.apache.maven.index.context.DefaultIndexingContext.<init>(DefaultIndexingContext.java:173) ~[indexer-core-3.1.0.jar:3.1.0]
	at org.apache.maven.index.DefaultNexusIndexer.addIndexingContextForced(DefaultNexusIndexer.java:160) ~[org.eclipse.m2e.maven.indexer_1.4.0.20130531-2315/:na]
	at org.eclipse.m2e.core.internal.index.nexus.NexusIndexManager.updateRemoteIndex(NexusIndexManager.java:1246) [org.eclipse.m2e.core_1.4.0.me201310171809.jar:na]
	at org.eclipse.m2e.core.internal.index.nexus.NexusIndexManager.updateIndex(NexusIndexManager.java:1192) [org.eclipse.m2e.core_1.4.0.me201310171809.jar:na]
	at org.eclipse.m2e.core.internal.index.nexus.NexusIndexManager$1.run(NexusIndexManager.java:707) [org.eclipse.m2e.core_1.4.0.me201310171809.jar:na]
	at org.eclipse.m2e.core.internal.index.nexus.IndexUpdaterJob.run(IndexUpdaterJob.java:72) [org.eclipse.m2e.core_1.4.0.me201310171809.jar:na]
	at org.eclipse.core.internal.jobs.Worker.run(Worker.java:53) [org.eclipse.core.jobs_3.5.300.v20130429-1813.jar:na]
2019-03-27 08:34:56,880 [main] INFO  c.g.e.m.h.c.ui.Html5AppCoreUIPlugin - Pluging started
2019-03-27 08:35:12,595 [Worker-2] INFO  o.e.m.c.i.i.nexus.NexusIndexManager - Updating index for repository: central|http://repo.maven.apache.org/maven2
2019-03-27 08:35:12,955 [Worker-2] INFO  c.n.h.c.p.n.NettyAsyncHttpProvider - Number of application's worked threads is 8
2019-03-27 08:36:44,790 [Worker-2] ERROR o.e.m.c.i.i.nexus.NexusIndexManager - Unable to update index for central|http://repo.maven.apache.org/maven2: C:\Users\wzk\.m2\repository\.cache\m2e\1.4.0\26522e0d83a422eed93329ece7565cfc\full\_7m.cfs (系统找不到指定的文件。)
java.io.FileNotFoundException: C:\Users\wzk\.m2\repository\.cache\m2e\1.4.0\26522e0d83a422eed93329ece7565cfc\full\_7m.cfs (系统找不到指定的文件。)
	at java.io.RandomAccessFile.open(Native Method) ~[na:1.7.0_45]
	at java.io.RandomAccessFile.<init>(RandomAccessFile.java:241) ~[na:1.7.0_45]
	at org.apache.lucene.store.FSDirectory$FSIndexInput$Descriptor.<init>(FSDirectory.java:552) ~[lucene-core-2.4.1.jar:2.4.1 750176 - 2009-03-04 21:56:52]
	at org.apache.lucene.store.FSDirectory$FSIndexInput.<init>(FSDirectory.java:582) ~[lucene-core-2.4.1.jar:2.4.1 750176 - 2009-03-04 21:56:52]
	at org.apache.lucene.store.FSDirectory.openInput(FSDirectory.java:488) ~[lucene-core-2.4.1.jar:2.4.1 750176 - 2009-03-04 21:56:52]
	at org.apache.lucene.index.CompoundFileReader.<init>(CompoundFileReader.java:70) ~[lucene-core-2.4.1.jar:2.4.1 750176 - 2009-03-04 21:56:52]
	at org.apache.lucene.index.SegmentReader.initialize(SegmentReader.java:321) ~[lucene-core-2.4.1.jar:2.4.1 750176 - 2009-03-04 21:56:52]
	at org.apache.lucene.index.SegmentReader.get(SegmentReader.java:306) ~[lucene-core-2.4.1.jar:2.4.1 750176 - 2009-03-04 21:56:52]
	at org.apache.lucene.index.SegmentReader.get(SegmentReader.java:236) ~[lucene-core-2.4.1.jar:2.4.1 750176 - 2009-03-04 21:56:52]
	at org.apache.lucene.index.DocumentsWriter.applyDeletes(DocumentsWriter.java:915) ~[lucene-core-2.4.1.jar:2.4.1 750176 - 2009-03-04 21:56:52]
	at org.apache.lucene.index.IndexWriter.applyDeletes(IndexWriter.java:4339) ~[lucene-core-2.4.1.jar:2.4.1 750176 - 2009-03-04 21:56:52]
	at org.apache.lucene.index.IndexWriter.doFlush(IndexWriter.java:3579) ~[lucene-core-2.4.1.jar:2.4.1 750176 - 2009-03-04 21:56:52]
	at org.apache.lucene.index.IndexWriter.flush(IndexWriter.java:3450) ~[lucene-core-2.4.1.jar:2.4.1 750176 - 2009-03-04 21:56:52]
	at org.apache.lucene.index.IndexWriter.closeInternal(IndexWriter.java:1638) ~[lucene-core-2.4.1.jar:2.4.1 750176 - 2009-03-04 21:56:52]
	at org.apache.lucene.index.IndexWriter.close(IndexWriter.java:1602) ~[lucene-core-2.4.1.jar:2.4.1 750176 - 2009-03-04 21:56:52]
	at org.apache.lucene.index.IndexWriter.close(IndexWriter.java:1578) ~[lucene-core-2.4.1.jar:2.4.1 750176 - 2009-03-04 21:56:52]
	at org.apache.maven.index.context.NexusIndexWriter.close(NexusIndexWriter.java:58) ~[indexer-core-3.1.0.jar:3.1.0]
	at org.apache.maven.index.context.DefaultIndexingContext.prepareCleanIndex(DefaultIndexingContext.java:235) ~[indexer-core-3.1.0.jar:3.1.0]
	at org.apache.maven.index.context.DefaultIndexingContext.prepareIndex(DefaultIndexingContext.java:205) ~[indexer-core-3.1.0.jar:3.1.0]
	at org.apache.maven.index.context.DefaultIndexingContext.<init>(DefaultIndexingContext.java:173) ~[indexer-core-3.1.0.jar:3.1.0]
	at org.apache.maven.index.DefaultNexusIndexer.addIndexingContextForced(DefaultNexusIndexer.java:160) ~[org.eclipse.m2e.maven.indexer_1.4.0.20130531-2315/:na]
	at org.eclipse.m2e.core.internal.index.nexus.NexusIndexManager.updateRemoteIndex(NexusIndexManager.java:1246) [org.eclipse.m2e.core_1.4.0.me201310171809.jar:na]
	at org.eclipse.m2e.core.internal.index.nexus.NexusIndexManager.updateIndex(NexusIndexManager.java:1192) [org.eclipse.m2e.core_1.4.0.me201310171809.jar:na]
	at org.eclipse.m2e.core.internal.index.nexus.NexusIndexManager$1.run(NexusIndexManager.java:707) [org.eclipse.m2e.core_1.4.0.me201310171809.jar:na]
	at org.eclipse.m2e.core.internal.index.nexus.IndexUpdaterJob.run(IndexUpdaterJob.java:72) [org.eclipse.m2e.core_1.4.0.me201310171809.jar:na]
	at org.eclipse.core.internal.jobs.Worker.run(Worker.java:53) [org.eclipse.core.jobs_3.5.300.v20130429-1813.jar:na]
